Arguments: 
  C:\Program Files\nodejs\node.exe C:\Users\Administrator\AppData\Roaming\npm\node_modules\yarn\bin\yarn.js set version berry

PATH: 
  C:\windows\system32;C:\windows;C:\windows\System32\Wbem;C:\windows\System32\WindowsPowerShell\v1.0\;C:\windows\System32\OpenSSH\;C:\Program Files\Git\cmd;C:\Program Files\dotnet\;C:\Program Files (x86)\dotnet\;C:\Program Files\Microsoft\Web Platform Installer\;C:\Program Files\nodejs\;C:\Program Files\PowerShell\7\;D:\php-7.4.16;C:\composer;C:\Program Files\Microsoft SQL Server\Client SDK\ODBC\170\Tools\Binn\;C:\Program Files\Microsoft SQL Server\150\Tools\Binn\;C:\Program Files\Docker\Docker\resources\bin;C:\ProgramData\DockerDesktop\version-bin;C:\Program Files\TortoiseGit\bin;C:\Users\Administrator\AppData\Local\Programs\Python\Python310\Scripts\;C:\Users\Administrator\AppData\Local\Programs\Python\Python310\;C:\Users\Administrator\AppData\Local\Microsoft\WindowsApps;C:\Program Files\Bandizip\;C:\Users\Administrator\AppData\Roaming\npm;C:\Users\Administrator\AppData\Roaming\Composer\vendor\bin;C:\Users\Administrator\AppData\Local\GitHubDesktop\bin;C:\Users\Administrator\AppData\Local\Programs\Microsoft VS Code\bin;C:\Users\Administrator\.dotnet\tools;E:\myworkspace\MyStudy\WebStudy\node_modules\.bin

Yarn version: 
  1.22.17

Node version: 
  14.18.1

Platform: 
  win32 x64

Trace: 
  Error: unable to verify the first certificate
      at TLSSocket.onConnectSecure (_tls_wrap.js:1515:34)
      at TLSSocket.emit (events.js:400:28)
      at TLSSocket._finishInit (_tls_wrap.js:937:8)
      at TLSWrap.ssl.onhandshakedone (_tls_wrap.js:709:12)

npm manifest: 
  {
    "name": "WebStudy",
    "version": "1.0.0",
    "type": "module",
    "dependencies": {
      "axios": "^0.24.0",
      "basiclibrary.javascript": "^1.2.1",
      "faker": "^5.5.3"
    },
    "devDependencies": {
      "chai": "^4.3.4",
      "mocha": "^9.2.1",
      "ts-node": "^10.5.0",
      "typescript": "^4.5.5"
    }
  }

yarn manifest: 
  No manifest

Lockfile: 
  No lockfile
